[2024-01-19T13:17:06.871] [INFO] cApi - { pass: 'ugD6s2xz', login: 'spamigor' }
[2024-01-19T13:17:07.042] [DEBUG] cApi - Записей: 1
[2024-01-19T13:17:26.174] [INFO] cApi - { location: '/', action: 'ls', name: '' }
[2024-01-19T13:17:26.180] [INFO] cApi - { location: '/', action: 'ls', name: '' }
[2024-01-19T13:17:26.234] [INFO] cApi - 0
[2024-01-19T13:17:26.235] [DEBUG] cApi - /home/spamigor/next/cloud/data
[2024-01-19T13:17:26.235] [DEBUG] cApi - /
[2024-01-19T13:17:26.236] [INFO] cApi - 0
[2024-01-19T13:17:26.237] [DEBUG] cApi - /home/spamigor/next/cloud/data
[2024-01-19T13:17:26.237] [DEBUG] cApi - /
[2024-01-19T13:17:34.288] [INFO] cApi - { location: '/', action: 'ls', name: '' }
[2024-01-19T13:17:34.351] [INFO] cApi - 0
[2024-01-19T13:17:34.351] [DEBUG] cApi - /home/spamigor/next/cloud/data
[2024-01-19T13:17:34.352] [DEBUG] cApi - /
[2024-01-19T13:17:50.959] [INFO] cApi - { pass: 'ugD6s2xz', login: 'spamigor' }
[2024-01-19T13:17:51.122] [DEBUG] cApi - Записей: 1
[2024-01-19T13:17:52.085] [INFO] cApi - { location: '/', action: 'ls', name: '' }
[2024-01-19T13:17:52.088] [INFO] cApi - { location: '/', action: 'ls', name: '' }
[2024-01-19T13:17:52.145] [INFO] cApi - 0
[2024-01-19T13:17:52.145] [DEBUG] cApi - /home/spamigor/next/cloud/data
[2024-01-19T13:17:52.145] [DEBUG] cApi - /
[2024-01-19T13:17:52.149] [INFO] cApi - 1
[2024-01-19T13:17:52.149] [DEBUG] cApi - /home/spamigor/next/cloud/data
[2024-01-19T13:17:52.150] [DEBUG] cApi - /
[2024-01-19T13:50:26.168] [INFO] cApi - { pass: 'ugD6s2xz', login: 'spamigor' }
[2024-01-19T13:50:26.393] [DEBUG] cApi - Записей: 1
[2024-01-19T14:03:17.479] [INFO] cApi - { pass: 'ugD6s2xz', login: 'spamigor' }
[2024-01-19T14:03:17.670] [DEBUG] cApi - Записей: 1
[2024-01-19T14:10:27.052] [INFO] cApi - { pass: 'ugD6s2xz', login: 'spamigor' }
[2024-01-19T14:10:27.242] [DEBUG] cApi - Записей: 1
[2024-01-19T14:18:21.403] [INFO] cApi - { pass: 'ugD6s2xz', login: 'spamigor' }
[2024-01-19T14:18:21.564] [DEBUG] cApi - Записей: 1
[2024-01-19T14:28:16.766] [INFO] cApi - { pass: 'ugD6s2xz', login: 'spamigor' }
[2024-01-19T14:28:16.938] [DEBUG] cApi - Записей: 1
[2024-01-19T14:53:40.184] [INFO] cApi - { pass: 'ugD6s2xz', login: 'spamigor' }
[2024-01-19T14:53:40.380] [DEBUG] cApi - Записей: 1
[2024-01-21T13:42:59.307] [INFO] cApi - { pass: 'ugD6s2xz', login: 'spamigor' }
[2024-01-21T13:42:59.632] [DEBUG] cApi - Записей: 1
[2024-01-24T16:08:12.246] [INFO] cApi - { pass: 'ugD6s2xz', login: 'spamigor' }
[2024-01-24T16:08:12.741] [DEBUG] cApi - Записей: 1
