[2023-12-28T14:37:11.502] [INFO] cApi - {
  email: 'user',
  login: 'user',
  password: 'user12',
  first_name: 'user',
  last_name: 'user'
}
[2023-12-28T14:37:12.337] [DEBUG] cApi - Записей: 0
[2023-12-28T14:37:13.298] [INFO] mailer - Новый пользователь:  user
[2023-12-28T14:41:18.062] [INFO] cApi - {
  email: 'user',
  login: 'user',
  password: 'user23',
  first_name: 'user',
  last_name: 'user'
}
[2023-12-28T14:41:18.859] [DEBUG] cApi - Записей: 1
[2023-12-28T14:43:55.229] [INFO] cApi - {
  email: 'user',
  login: 'user',
  password: 'user23',
  first_name: 'user',
  last_name: 'user'
}
[2023-12-28T14:43:55.598] [DEBUG] cApi - Записей: 1
[2023-12-28T14:44:19.485] [INFO] cApi - {
  email: 'user',
  login: 'user2',
  password: 'user23',
  first_name: 'user',
  last_name: 'user'
}
[2023-12-28T14:44:19.981] [DEBUG] cApi - Записей: 0
[2023-12-28T14:44:20.707] [INFO] mailer - Новый пользователь:  user
[2023-12-28T14:46:24.367] [INFO] cApi - {
  email: 'user',
  login: 'user3',
  password: 'user23',
  first_name: 'user',
  last_name: 'user'
}
[2023-12-28T14:46:24.646] [DEBUG] cApi - Записей: 0
[2023-12-28T14:46:25.182] [INFO] mailer - Новый пользователь:  user
[2023-12-28T15:04:30.580] [INFO] cApi - {
  email: 'user',
  login: 'user2',
  password: '123333',
  first_name: 'user',
  last_name: 'user'
}
[2023-12-28T15:04:31.147] [DEBUG] cApi - Записей: 1
[2023-12-28T15:05:37.067] [INFO] cApi - {
  email: 'user',
  login: 'user2',
  password: '123333',
  first_name: 'user',
  last_name: 'user'
}
[2023-12-28T15:05:37.750] [DEBUG] cApi - Записей: 1
[2023-12-28T15:09:13.313] [INFO] cApi - {
  email: 'user',
  login: 'user',
  password: 'user123',
  first_name: 'user',
  last_name: 'user'
}
[2023-12-28T15:09:16.284] [DEBUG] cApi - Записей: 1
[2023-12-28T15:09:27.071] [INFO] cApi - {
  email: 'user',
  login: 'user4',
  password: 'user123',
  first_name: 'user',
  last_name: 'user'
}
[2023-12-28T15:09:27.348] [DEBUG] cApi - Записей: 0
[2023-12-28T15:09:28.243] [INFO] mailer - Новый пользователь:  user
